\BOOKMARK [0][-]{chapter*.2}{Table des figures}{}% 1
\BOOKMARK [0][-]{chapter*.3}{Introduction g\351n\351rale}{}% 2
\BOOKMARK [0][-]{chapter.1}{Pr\351sentation de l'entreprise d'accueil}{}% 3
\BOOKMARK [1][-]{section.1.1}{Orange Business}{chapter.1}% 4
\BOOKMARK [1][-]{section.1.2}{L'\351quipe WAT}{chapter.1}% 5
\BOOKMARK [1][-]{section.1.3}{Organigramme}{chapter.1}% 6
\BOOKMARK [0][-]{chapter.2}{Cadre du stage}{}% 7
\BOOKMARK [1][-]{section.2.1}{Int\351gration continue et d\351ploiement continue}{chapter.2}% 8
\BOOKMARK [2][-]{subsection.2.1.1}{Int\351gration Continue}{section.2.1}% 9
\BOOKMARK [2][-]{subsection.2.1.2}{D\351ploiement continue}{section.2.1}% 10
\BOOKMARK [1][-]{section.2.2}{Contexte}{chapter.2}% 11
\BOOKMARK [1][-]{section.2.3}{Objectifs}{chapter.2}% 12
\BOOKMARK [1][-]{section.2.4}{Planification}{chapter.2}% 13
\BOOKMARK [1][-]{section.2.5}{M\351thode de travail}{chapter.2}% 14
\BOOKMARK [0][-]{chapter.3}{Choix technologiques}{}% 15
\BOOKMARK [1][-]{section.3.1}{Technologie back-end}{chapter.3}% 16
\BOOKMARK [2][-]{subsection.3.1.1}{Symfony}{section.3.1}% 17
\BOOKMARK [2][-]{subsection.3.1.2}{PHPQA}{section.3.1}% 18
\BOOKMARK [2][-]{subsection.3.1.3}{Codeception}{section.3.1}% 19
\BOOKMARK [2][-]{subsection.3.1.4}{MariaDB}{section.3.1}% 20
\BOOKMARK [1][-]{section.3.2}{Technologie back-end}{chapter.3}% 21
\BOOKMARK [2][-]{subsection.3.2.1}{AdminLTE}{section.3.2}% 22
\BOOKMARK [2][-]{subsection.3.2.2}{ChartJS}{section.3.2}% 23
\BOOKMARK [2][-]{subsection.3.2.3}{ReactJS}{section.3.2}% 24
\BOOKMARK [0][-]{chapter.4}{R\351alisation}{}% 25
\BOOKMARK [1][-]{section.4.1}{Introduction}{chapter.4}% 26
\BOOKMARK [1][-]{section.4.2}{Cr\351ation d'un utilisateur}{chapter.4}% 27
\BOOKMARK [1][-]{section.4.3}{Authentification}{chapter.4}% 28
\BOOKMARK [1][-]{section.4.4}{API de r\351cup\351ration des fichiers de rapports}{chapter.4}% 29
\BOOKMARK [1][-]{section.4.5}{Dashboard}{chapter.4}% 30
\BOOKMARK [2][-]{subsection.4.5.1}{R\351capitulatif de l'\351tat d'un projet}{section.4.5}% 31
\BOOKMARK [2][-]{subsection.4.5.2}{Diagrammes}{section.4.5}% 32
\BOOKMARK [2][-]{subsection.4.5.3}{Tableau de builds}{section.4.5}% 33
\BOOKMARK [0][-]{figure.4.6}{webographiques}{}% 34
